<?xml version="1.0" encoding="UTF-8"?>
<!-- Generated by org.testng.reporters.JUnitXMLReporter -->
<testsuite ignored="0" hostname="DESKTOP-1TD6IV9" failures="0" tests="3" name="Chrome-2" time="0.082" errors="0" timestamp="2023-01-11T14:29:06 IST">
  <testcase classname="com.generic.utility.BaseClass" name="@BeforeClass launchBrowser" time="-1.673427546365E9">
    <failure type="org.testng.TestNGException" message="
Parameter &amp;apos;BROWSER&amp;apos; is required by BeforeClass on method launchBrowser but has not been marked @Optional or defined
in C:\Users\Anil\eclipse-workspace\com.BioBook.sm\biobookparallel.xml">
      <![CDATA[org.testng.TestNGException: 
Parameter 'BROWSER' is required by BeforeClass on method launchBrowser but has not been marked @Optional or defined
in C:\Users\Anil\eclipse-workspace\com.BioBook.sm\biobookparallel.xml
at java.base/java.util.ArrayList.forEach(ArrayList.java:1511)
at java.base/java.util.concurrent.FutureTask.run(FutureTask.java:264)
at java.base/java.util.concurrent.ThreadPoolExecutor.runWorker(ThreadPoolExecutor.java:1136)
at java.base/java.util.concurrent.ThreadPoolExecutor$Worker.run(ThreadPoolExecutor.java:635)
at java.base/java.lang.Thread.run(Thread.java:833)
... Removed 13 stack frames]]>
    </failure>
  </testcase> <!-- @BeforeClass launchBrowser -->
  <testcase classname="com.generic.utility.BaseClass" name="@BeforeMethod logIntoApp" time="-1.67342754639E9">
    <skipped/>
  </testcase> <!-- @BeforeMethod logIntoApp -->
  <testcase classname="com.generic.utility.BaseClass" name="@AfterMethod logOutApp" time="-1.673427546396E9">
    <skipped/>
  </testcase> <!-- @AfterMethod logOutApp -->
  <testcase classname="com.generic.utility.BaseClass" name="@AfterClass closeBrowser" time="-1.673427546398E9">
    <skipped/>
  </testcase> <!-- @AfterClass closeBrowser -->
  <testcase classname="com.generic.utility.BaseClass" name="@BeforeClass launchBrowser" time="-1.673427546402E9">
    <failure type="org.testng.TestNGException" message="
Parameter &amp;apos;BROWSER&amp;apos; is required by BeforeClass on method launchBrowser but has not been marked @Optional or defined
in C:\Users\Anil\eclipse-workspace\com.BioBook.sm\biobookparallel.xml">
      <![CDATA[org.testng.TestNGException: 
Parameter 'BROWSER' is required by BeforeClass on method launchBrowser but has not been marked @Optional or defined
in C:\Users\Anil\eclipse-workspace\com.BioBook.sm\biobookparallel.xml
at java.base/java.util.ArrayList.forEach(ArrayList.java:1511)
at java.base/java.util.concurrent.FutureTask.run(FutureTask.java:264)
at java.base/java.util.concurrent.ThreadPoolExecutor.runWorker(ThreadPoolExecutor.java:1136)
at java.base/java.util.concurrent.ThreadPoolExecutor$Worker.run(ThreadPoolExecutor.java:635)
at java.base/java.lang.Thread.run(Thread.java:833)
... Removed 13 stack frames]]>
    </failure>
  </testcase> <!-- @BeforeClass launchBrowser -->
  <testcase classname="com.generic.utility.BaseClass" name="@BeforeMethod logIntoApp" time="-1.673427546407E9">
    <skipped/>
  </testcase> <!-- @BeforeMethod logIntoApp -->
  <testcase classname="com.generic.utility.BaseClass" name="@AfterMethod logOutApp" time="-1.673427546412E9">
    <skipped/>
  </testcase> <!-- @AfterMethod logOutApp -->
  <testcase classname="com.generic.utility.BaseClass" name="@AfterClass closeBrowser" time="-1.673427546414E9">
    <skipped/>
  </testcase> <!-- @AfterClass closeBrowser -->
  <testcase classname="com.generic.utility.BaseClass" name="@BeforeClass launchBrowser" time="-1.673427546417E9">
    <failure type="org.testng.TestNGException" message="
Parameter &amp;apos;BROWSER&amp;apos; is required by BeforeClass on method launchBrowser but has not been marked @Optional or defined
in C:\Users\Anil\eclipse-workspace\com.BioBook.sm\biobookparallel.xml">
      <![CDATA[org.testng.TestNGException: 
Parameter 'BROWSER' is required by BeforeClass on method launchBrowser but has not been marked @Optional or defined
in C:\Users\Anil\eclipse-workspace\com.BioBook.sm\biobookparallel.xml
at java.base/java.util.ArrayList.forEach(ArrayList.java:1511)
at java.base/java.util.concurrent.FutureTask.run(FutureTask.java:264)
at java.base/java.util.concurrent.ThreadPoolExecutor.runWorker(ThreadPoolExecutor.java:1136)
at java.base/java.util.concurrent.ThreadPoolExecutor$Worker.run(ThreadPoolExecutor.java:635)
at java.base/java.lang.Thread.run(Thread.java:833)
... Removed 13 stack frames]]>
    </failure>
  </testcase> <!-- @BeforeClass launchBrowser -->
  <testcase classname="com.generic.utility.BaseClass" name="@BeforeMethod logIntoApp" time="-1.673427546421E9">
    <skipped/>
  </testcase> <!-- @BeforeMethod logIntoApp -->
  <testcase classname="com.generic.utility.BaseClass" name="@AfterMethod logOutApp" time="-1.673427546426E9">
    <skipped/>
  </testcase> <!-- @AfterMethod logOutApp -->
  <testcase classname="com.generic.utility.BaseClass" name="@AfterClass closeBrowser" time="-1.673427546427E9">
    <skipped/>
  </testcase> <!-- @AfterClass closeBrowser -->
  <testcase classname="Home_Module.ShareStatus_with_Testng_Test" name="shareStatus" time="0.0">
    <skipped/>
  </testcase> <!-- shareStatus -->
  <testcase classname="User_Module.WriteAndDeleteComment_with_Testng_Test" name="deleteComment" time="0.0">
    <skipped/>
  </testcase> <!-- deleteComment -->
  <testcase classname="Photo_Module.Addphoto_with_Testng_Test" name="addPhoto" time="0.0">
    <skipped/>
  </testcase> <!-- addPhoto -->
</testsuite> <!-- Chrome-2 -->
