<?xml version="1.0" encoding="UTF-8"?>
<!-- Generated by org.testng.reporters.JUnitXMLReporter -->
<testsuite ignored="0" hostname="DESKTOP-1TD6IV9" failures="0" tests="3" name="Chrome2" time="0.075" errors="0" timestamp="2023-01-10T17:22:11 IST">
  <testcase classname="com.generic.utility.BaseClass" name="@BeforeClass launchBrowser" time="-1.673351531801E9">
    <failure type="org.testng.TestNGException" message="
Parameter &amp;apos;BROWSER&amp;apos; is required by BeforeClass on method launchBrowser but has not been marked @Optional or defined
in C:\Users\Anil\eclipse-workspace\com.BioBook.sm\BiobookParallel.xml">
      <![CDATA[org.testng.TestNGException: 
Parameter 'BROWSER' is required by BeforeClass on method launchBrowser but has not been marked @Optional or defined
in C:\Users\Anil\eclipse-workspace\com.BioBook.sm\BiobookParallel.xml
at java.base/java.util.ArrayList.forEach(ArrayList.java:1511)
at java.base/java.util.concurrent.FutureTask.run(FutureTask.java:264)
at java.base/java.util.concurrent.ThreadPoolExecutor.runWorker(ThreadPoolExecutor.java:1136)
at java.base/java.util.concurrent.ThreadPoolExecutor$Worker.run(ThreadPoolExecutor.java:635)
at java.base/java.lang.Thread.run(Thread.java:833)
... Removed 13 stack frames]]>
    </failure>
  </testcase> <!-- @BeforeClass launchBrowser -->
  <testcase classname="com.generic.utility.BaseClass" name="@BeforeMethod logIntoApp" time="-1.673351531825E9">
    <skipped/>
  </testcase> <!-- @BeforeMethod logIntoApp -->
  <testcase classname="com.generic.utility.BaseClass" name="@AfterMethod logOutApp" time="-1.673351531833E9">
    <skipped/>
  </testcase> <!-- @AfterMethod logOutApp -->
  <testcase classname="com.generic.utility.BaseClass" name="@AfterClass closeBrowser" time="-1.673351531835E9">
    <skipped/>
  </testcase> <!-- @AfterClass closeBrowser -->
  <testcase classname="com.generic.utility.BaseClass" name="@BeforeClass launchBrowser" time="-1.673351531837E9">
    <failure type="org.testng.TestNGException" message="
Parameter &amp;apos;BROWSER&amp;apos; is required by BeforeClass on method launchBrowser but has not been marked @Optional or defined
in C:\Users\Anil\eclipse-workspace\com.BioBook.sm\BiobookParallel.xml">
      <![CDATA[org.testng.TestNGException: 
Parameter 'BROWSER' is required by BeforeClass on method launchBrowser but has not been marked @Optional or defined
in C:\Users\Anil\eclipse-workspace\com.BioBook.sm\BiobookParallel.xml
at java.base/java.util.ArrayList.forEach(ArrayList.java:1511)
at java.base/java.util.concurrent.FutureTask.run(FutureTask.java:264)
at java.base/java.util.concurrent.ThreadPoolExecutor.runWorker(ThreadPoolExecutor.java:1136)
at java.base/java.util.concurrent.ThreadPoolExecutor$Worker.run(ThreadPoolExecutor.java:635)
at java.base/java.lang.Thread.run(Thread.java:833)
... Removed 13 stack frames]]>
    </failure>
  </testcase> <!-- @BeforeClass launchBrowser -->
  <testcase classname="com.generic.utility.BaseClass" name="@BeforeMethod logIntoApp" time="-1.67335153184E9">
    <skipped/>
  </testcase> <!-- @BeforeMethod logIntoApp -->
  <testcase classname="com.generic.utility.BaseClass" name="@AfterMethod logOutApp" time="-1.673351531844E9">
    <skipped/>
  </testcase> <!-- @AfterMethod logOutApp -->
  <testcase classname="com.generic.utility.BaseClass" name="@AfterClass closeBrowser" time="-1.673351531847E9">
    <skipped/>
  </testcase> <!-- @AfterClass closeBrowser -->
  <testcase classname="com.generic.utility.BaseClass" name="@BeforeClass launchBrowser" time="-1.67335153185E9">
    <failure type="org.testng.TestNGException" message="
Parameter &amp;apos;BROWSER&amp;apos; is required by BeforeClass on method launchBrowser but has not been marked @Optional or defined
in C:\Users\Anil\eclipse-workspace\com.BioBook.sm\BiobookParallel.xml">
      <![CDATA[org.testng.TestNGException: 
Parameter 'BROWSER' is required by BeforeClass on method launchBrowser but has not been marked @Optional or defined
in C:\Users\Anil\eclipse-workspace\com.BioBook.sm\BiobookParallel.xml
at java.base/java.util.ArrayList.forEach(ArrayList.java:1511)
at java.base/java.util.concurrent.FutureTask.run(FutureTask.java:264)
at java.base/java.util.concurrent.ThreadPoolExecutor.runWorker(ThreadPoolExecutor.java:1136)
at java.base/java.util.concurrent.ThreadPoolExecutor$Worker.run(ThreadPoolExecutor.java:635)
at java.base/java.lang.Thread.run(Thread.java:833)
... Removed 13 stack frames]]>
    </failure>
  </testcase> <!-- @BeforeClass launchBrowser -->
  <testcase classname="com.generic.utility.BaseClass" name="@BeforeMethod logIntoApp" time="-1.673351531852E9">
    <skipped/>
  </testcase> <!-- @BeforeMethod logIntoApp -->
  <testcase classname="com.generic.utility.BaseClass" name="@AfterMethod logOutApp" time="-1.673351531855E9">
    <skipped/>
  </testcase> <!-- @AfterMethod logOutApp -->
  <testcase classname="com.generic.utility.BaseClass" name="@AfterClass closeBrowser" time="-1.673351531856E9">
    <skipped/>
  </testcase> <!-- @AfterClass closeBrowser -->
  <testcase classname="Home_Module.ShareStatus_with_Testng_Test" name="shareStatus" time="0.0">
    <skipped/>
  </testcase> <!-- shareStatus -->
  <testcase classname="User_Module.WriteAndDeleteComment_with_Testng_Test" name="deleteComment" time="0.0">
    <skipped/>
  </testcase> <!-- deleteComment -->
  <testcase classname="Photo_Module.Addphoto_with_Testng_Test" name="addPhoto" time="0.0">
    <skipped/>
  </testcase> <!-- addPhoto -->
</testsuite> <!-- Chrome2 -->
